<?xml version="1.0" encoding="UTF-8"?>
<!-- Generated by org.testng.reporters.JUnitReportReporter -->
<testsuite hostname="BRTL059" name="com.rest.test.GetTest" tests="1" failures="0" timestamp="26 Apr 2020 16:10:09 GMT" time="4.133" errors="0">
  <testcase name="testgetresponse" time="4.133" classname="com.rest.test.GetTest"/>
</testsuite> <!-- com.rest.test.GetTest -->
